10001 881 n: 3283
Wait for accept
call msg_callback: 
Bank recv customer : 10001 1765
Wait for accept
call msg_callback: 
Wait for accept
call msg_callback: 
Wait for accept
ks: 1710372991
len: 16 256 64
pi_str : 10000000e83000000
ds : 30323142313735423042423930394233304346443035303030434331303741453037393030443135304541333043464430463141303438333031303230463334313144313039363530433530303235433133333230433145313336423037333130393931313441313037314630363434304138363043314530423945303232353046333430314246304243303131383430413343303739303041394230324541304245393031453931333631304339463135323130443441303143413043303330443441303031443042423930433439304446333136324530383634313434353131393231323539313336313039363530414130313538443037414530433343
oi_md : cbee1c3a46b3303ebf6af18c69be2275ed1ec3898589acc146f9c12ba7b96fb23d75624de8377477c94c819f8897377c18997558121bc2d159f3a37fdf9
!!! OK  !!!
call msg_callback: 
Wait for accept
call msg_callback: 
Wait for accept
ks: 812457083
len: 16 256 64
pi_str : 20000000e83000000
ds : 30434230304136463036363230433530313735423135453731333535303746393043323431333034303241303035424630443544313330343035324630424533313036313137303731313645304444353132413431343938304441343045373430444442303939313131393230383944303237463043314530343132304545433042433030434630303235433137344230393446304132453039393130413646313333363031303230364638303644323137344230383934313139323030303131303337313234383133464630424533304141413030313030353246304339463031434131343135313544313130333730333439304342303043443231333336
oi_md : 2e9b37a478a5335526ef2ee2a87f1943234acc45d768296b13f2564ec8062c329e4f7b99949c7972cfa1e59ed9b4a4228821d6e1cb59ec33e6899bb9d
!!! OK  !!!
